10:16:30 **** Incremental Build of configuration Release for project firmware ****
make all 
Building file: ../main.c
Invoking: AVR Compiler
avr-gcc -Wall -Os -fpack-struct -fshort-enums -ffunction-sections -fdata-sections -std=gnu99 -funsigned-char -funsigned-bitfields -mmcu=attiny2313 -DF_CPU=1000000UL -MMD -MP -MF"main.d" -MT"main.o" -c -o "main.o" "../main.c"
Finished building: ../main.c
 
Building target: firmware.elf
Invoking: AVR C Linker
avr-gcc -Wl,-Map,firmware.map -mmcu=attiny2313 -o "firmware.elf"  ./main.o   
Finished building target: firmware.elf
 
Create Flash image (ihex format)
avr-objcopy -R .eeprom -R .fuse -R .lock -R .signature -O ihex firmware.elf  "firmware.hex"
Finished building: firmware.hex
 
Invoking: Print Size
avr-size --format=avr --mcu=attiny2313 firmware.elf
AVR Memory Usage
----------------
Device: attiny2313

Program:     656 bytes (32.0% Full)
(.text + .data + .bootloader)

Data:          2 bytes (1.6% Full)
(.data + .bss + .noinit)


Finished building: sizedummy
 

10:16:30 Build Finished (took 326ms)

